This is pdfTeX, Version 3.141592653-2.6-1.40.28 (MiKTeX 25.12) (preloaded format=pdflatex 2026.5.19)  22 MAY 2026 19:35
entering extended mode
 restricted \write18 enabled.
 %&-line parsing enabled.
**c:/Users/mathe/OneDrive/Documentos/LatticeBoltzman/Relatorios/Documentacao/main.tex
(c:/Users/mathe/OneDrive/Documentos/LatticeBoltzman/Relatorios/Documentacao/main.tex
LaTeX2e <2025-11-01>
L3 programming layer <2025-12-24>
(C:\Users\mathe\AppData\Local\Programs\MiKTeX\tex/latex/base\article.cls
Document Class: article 2025/01/22 v1.4n Standard LaTeX document class
(C:\Users\mathe\AppData\Local\Programs\MiKTeX\tex/latex/base\size12.clo
File: size12.clo 2025/01/22 v1.4n Standard LaTeX file (size option)
)
\c@part=\count275
\c@section=\count276
\c@subsection=\count277
\c@subsubsection=\count278
\c@paragraph=\count279
\c@subparagraph=\count280
\c@figure=\count281
\c@table=\count282
\abovecaptionskip=\skip49
\belowcaptionskip=\skip50
\bibindent=\dimen148
) (C:\Users\mathe\AppData\Local\Programs\MiKTeX\tex/latex/base\inputenc.sty
Package: inputenc 2024/02/08 v1.3d Input encoding file
\inpenc@prehook=\toks17
\inpenc@posthook=\toks18
) (C:\Users\mathe\AppData\Local\Programs\MiKTeX\tex/generic/babel\babel.sty
Package: babel 2025/12/11 v25.17 The multilingual framework for LuaLaTeX, pdfLaTeX and XeLaTeX
\babel@savecnt=\count283
LaTeX Encoding Info:    Redeclaring text command \ij (encoding OT1) on input line 2068.
LaTeX Encoding Info:    Redeclaring text command \IJ (encoding OT1) on input line 2070.
LaTeX Encoding Info:    Redeclaring text command \ij (encoding T1) on input line 2072.
LaTeX Encoding Info:    Redeclaring text command \IJ (encoding T1) on input line 2073.
LaTeX Encoding Info:    Ignoring declaration for text command \ij (encoding ?) on input line 2074.
LaTeX Encoding Info:    Ignoring declaration for text command \IJ (encoding ?) on input line 2076.
LaTeX Encoding Info:    Ignoring declaration for text command \SS (encoding ?) on input line 2101.
\U@D=\dimen149
\l@unhyphenated=\language79
 (C:\Users\mathe\AppData\Local\Programs\MiKTeX\tex/generic/babel\txtbabel.def)
\bbl@readstream=\read2
\bbl@dirlevel=\count284
Package babel Info: Configuration files are deprecated, as
(babel)             they can break document portability.
(babel)             Reported on input line 4196.

*************************************
* Local config file bblopts.cfg used
*
(C:\Users\mathe\AppData\Local\Programs\MiKTeX\tex/latex/arabi\bblopts.cfg
File: bblopts.cfg 2005/09/08 v0.1 add Arabic and Farsi to "declared" options of babel
) (C:\Users\mathe\AppData\Local\Programs\MiKTeX\tex/generic/babel/locale/pt\babel-brazilian.tex)
Package babel Info: Importing font and identification data for brazilian
(babel)             from babel-pt-BR.ini. Reported on input line 4320.
 (C:\Users\mathe\AppData\Local\Programs\MiKTeX\tex/latex/babel-portuges\brazilian.ldf
Language: portuges 2026/01/24 v1.2u Portuguese support from the babel system
Package babel Info: Hyphen rules for 'brazilian' set to \l@portuguese
(babel)             (\language56). Reported on input line 100.
Package babel Info: Making " an active character on input line 132.
)) (C:\Users\mathe\AppData\Local\Programs\MiKTeX\tex/latex/graphics\graphicx.sty
Package: graphicx 2024/12/31 v1.2e Enhanced LaTeX Graphics (DPC,SPQR)
 (C:\Users\mathe\AppData\Local\Programs\MiKTeX\tex/latex/graphics\keyval.sty
Package: keyval 2022/05/29 v1.15 key=value parser (DPC)
\KV@toks@=\toks19
) (C:\Users\mathe\AppData\Local\Programs\MiKTeX\tex/latex/graphics\graphics.sty
Package: graphics 2024/08/06 v1.4g Standard LaTeX Graphics (DPC,SPQR)
 (C:\Users\mathe\AppData\Local\Programs\MiKTeX\tex/latex/graphics\trig.sty
Package: trig 2023/12/02 v1.11 sin cos tan (DPC)
) (C:\Users\mathe\AppData\Local\Programs\MiKTeX\tex/latex/graphics-cfg\graphics.cfg
File: graphics.cfg 2016/06/04 v1.11 sample graphics configuration
)
Package graphics Info: Driver file: pdftex.def on input line 106.
 (C:\Users\mathe\AppData\Local\Programs\MiKTeX\tex/latex/graphics-def\pdftex.def
File: pdftex.def 2025/09/29 v1.2d Graphics/color driver for pdftex
))
\Gin@req@height=\dimen150
\Gin@req@width=\dimen151
) (C:\Users\mathe\AppData\Local\Programs\MiKTeX\tex/latex/float\float.sty
Package: float 2001/11/08 v1.3d Float enhancements (AL)
\c@float@type=\count285
\float@exts=\toks20
\float@box=\box53
\@float@everytoks=\toks21
\@floatcapt=\box54
) (C:\Users\mathe\AppData\Local\Programs\MiKTeX\tex/latex/amsmath\amsmath.sty
Package: amsmath 2025/07/09 v2.17z AMS math features
\@mathmargin=\skip51

For additional information on amsmath, use the `?' option.
(C:\Users\mathe\AppData\Local\Programs\MiKTeX\tex/latex/amsmath\amstext.sty
Package: amstext 2024/11/17 v2.01 AMS text
 (C:\Users\mathe\AppData\Local\Programs\MiKTeX\tex/latex/amsmath\amsgen.sty
File: amsgen.sty 1999/11/30 v2.0 generic functions
\@emptytoks=\toks22
\ex@=\dimen152
)) (C:\Users\mathe\AppData\Local\Programs\MiKTeX\tex/latex/amsmath\amsbsy.sty
Package: amsbsy 1999/11/29 v1.2d Bold Symbols
\pmbraise@=\dimen153
) (C:\Users\mathe\AppData\Local\Programs\MiKTeX\tex/latex/amsmath\amsopn.sty
Package: amsopn 2022/04/08 v2.04 operator names
)
\inf@bad=\count286
LaTeX Info: Redefining \frac on input line 233.
\uproot@=\count287
\leftroot@=\count288
LaTeX Info: Redefining \overline on input line 398.
LaTeX Info: Redefining \colon on input line 409.
\classnum@=\count289
\DOTSCASE@=\count290
LaTeX Info: Redefining \ldots on input line 495.
LaTeX Info: Redefining \dots on input line 498.
LaTeX Info: Redefining \cdots on input line 619.
\Mathstrutbox@=\box55
\strutbox@=\box56
LaTeX Info: Redefining \big on input line 721.
LaTeX Info: Redefining \Big on input line 722.
LaTeX Info: Redefining \bigg on input line 723.
LaTeX Info: Redefining \Bigg on input line 724.
\big@size=\dimen154
LaTeX Font Info:    Redeclaring font encoding OML on input line 742.
LaTeX Font Info:    Redeclaring font encoding OMS on input line 743.
\macc@depth=\count291
LaTeX Info: Redefining \bmod on input line 904.
LaTeX Info: Redefining \pmod on input line 909.
LaTeX Info: Redefining \smash on input line 939.
LaTeX Info: Redefining \relbar on input line 969.
LaTeX Info: Redefining \Relbar on input line 970.
\c@MaxMatrixCols=\count292
\dotsspace@=\muskip17
\c@parentequation=\count293
\dspbrk@lvl=\count294
\tag@help=\toks23
\row@=\count295
\column@=\count296
\maxfields@=\count297
\andhelp@=\toks24
\eqnshift@=\dimen155
\alignsep@=\dimen156
\tagshift@=\dimen157
\tagwidth@=\dimen158
\totwidth@=\dimen159
\lineht@=\dimen160
\@envbody=\toks25
\multlinegap=\skip52
\multlinetaggap=\skip53
\mathdisplay@stack=\toks26
LaTeX Info: Redefining \[ on input line 2950.
LaTeX Info: Redefining \] on input line 2951.
) (C:\Users\mathe\AppData\Local\Programs\MiKTeX\tex/latex/amsfonts\amssymb.sty
Package: amssymb 2013/01/14 v3.01 AMS font symbols
 (C:\Users\mathe\AppData\Local\Programs\MiKTeX\tex/latex/amsfonts\amsfonts.sty
Package: amsfonts 2013/01/14 v3.01 Basic AMSFonts support
\symAMSa=\mathgroup4
\symAMSb=\mathgroup5
LaTeX Font Info:    Redeclaring math symbol \hbar on input line 98.
LaTeX Font Info:    Overwriting math alphabet `\mathfrak' in version `bold'
(Font)                  U/euf/m/n --> U/euf/b/n on input line 106.
)) (C:\Users\mathe\AppData\Local\Programs\MiKTeX\tex/latex/tools\bm.sty
Package: bm 2025/10/21 v1.2g Bold Symbol Support (DPC/FMi)
\symboldoperators=\mathgroup6
\symboldletters=\mathgroup7
\symboldsymbols=\mathgroup8
Package bm Info: No bold for \OMX/cmex/m/n, using \pmb.
Package bm Info: No bold for \U/msa/m/n, using \pmb.
Package bm Info: No bold for \U/msb/m/n, using \pmb.
LaTeX Font Info:    Redeclaring math alphabet \mathbf on input line 149.
) (C:\Users\mathe\AppData\Local\Programs\MiKTeX\tex/latex/xcolor\xcolor.sty
Package: xcolor 2024/09/29 v3.02 LaTeX color extensions (UK)
 (C:\Users\mathe\AppData\Local\Programs\MiKTeX\tex/latex/graphics-cfg\color.cfg
File: color.cfg 2016/01/02 v1.6 sample color configuration
)
Package xcolor Info: Driver file: pdftex.def on input line 274.
 (C:\Users\mathe\AppData\Local\Programs\MiKTeX\tex/latex/graphics\mathcolor.ltx)
Package xcolor Info: Model `cmy' substituted by `cmy0' on input line 1349.
Package xcolor Info: Model `hsb' substituted by `rgb' on input line 1353.
Package xcolor Info: Model `RGB' extended on input line 1365.
Package xcolor Info: Model `HTML' substituted by `rgb' on input line 1367.
Package xcolor Info: Model `Hsb' substituted by `hsb' on input line 1368.
Package xcolor Info: Model `tHsb' substituted by `hsb' on input line 1369.
Package xcolor Info: Model `HSB' substituted by `hsb' on input line 1370.
Package xcolor Info: Model `Gray' substituted by `gray' on input line 1371.
Package xcolor Info: Model `wave' substituted by `hsb' on input line 1372.
) (C:\Users\mathe\AppData\Local\Programs\MiKTeX\tex/latex/booktabs\booktabs.sty
Package: booktabs 2020/01/12 v1.61803398 Publication quality tables
\heavyrulewidth=\dimen161
\lightrulewidth=\dimen162
\cmidrulewidth=\dimen163
\belowrulesep=\dimen164
\belowbottomsep=\dimen165
\aboverulesep=\dimen166
\abovetopsep=\dimen167
\cmidrulesep=\dimen168
\cmidrulekern=\dimen169
\defaultaddspace=\dimen170
\@cmidla=\count298
\@cmidlb=\count299
\@aboverulesep=\dimen171
\@belowrulesep=\dimen172
\@thisruleclass=\count300
\@lastruleclass=\count301
\@thisrulewidth=\dimen173
) (C:\Users\mathe\AppData\Local\Programs\MiKTeX\tex/latex/mathtools\mathtools.sty
Package: mathtools 2024/10/04 v1.31 mathematical typesetting tools
 (C:\Users\mathe\AppData\Local\Programs\MiKTeX\tex/latex/tools\calc.sty
Package: calc 2025/03/01 v4.3b Infix arithmetic (KKT,FJ)
\calc@Acount=\count302
\calc@Bcount=\count303
\calc@Adimen=\dimen174
\calc@Bdimen=\dimen175
\calc@Askip=\skip54
\calc@Bskip=\skip55
LaTeX Info: Redefining \setlength on input line 86.
LaTeX Info: Redefining \addtolength on input line 87.
\calc@Ccount=\count304
\calc@Cskip=\skip56
) (C:\Users\mathe\AppData\Local\Programs\MiKTeX\tex/latex/mathtools\mhsetup.sty
Package: mhsetup 2021/03/18 v1.4 programming setup (MH)
)
\g_MT_multlinerow_int=\count305
\l_MT_multwidth_dim=\dimen176
\origjot=\skip57
\l_MT_shortvdotswithinadjustabove_dim=\dimen177
\l_MT_shortvdotswithinadjustbelow_dim=\dimen178
\l_MT_above_intertext_sep=\dimen179
\l_MT_below_intertext_sep=\dimen180
\l_MT_above_shortintertext_sep=\dimen181
\l_MT_below_shortintertext_sep=\dimen182
\xmathstrut@box=\box57
\xmathstrut@dim=\dimen183
) (C:\Users\mathe\AppData\Local\Programs\MiKTeX\tex/latex/url\url.sty
\Urlmuskip=\muskip18
Package: url 2013/09/16  ver 3.4  Verb mode for urls, etc.
) (C:\Users\mathe\AppData\Local\Programs\MiKTeX\tex/latex/l3backend\l3backend-pdftex.def
File: l3backend-pdftex.def 2025-10-09 L3 backend support: PDF output (pdfTeX)
\l__color_backend_stack_int=\count306
) (main.aux
Package babel Info: 'brazilian' activates 'portuges' shorthands.
(babel)             Reported on input line 5.
 (capitulos/introducao.aux) (capitulos/objetivos.aux) (capitulos/estado_da_arte.aux) (capitulos/teoria.aux) (capitulos/regime_linear_lsa.aux) (capitulos/lbm_teoria.aux) (capitulos/resultados.aux))
\openout1 = `main.aux'.

LaTeX Font Info:    Checking defaults for OML/cmm/m/it on input line 33.
LaTeX Font Info:    ... okay on input line 33.
LaTeX Font Info:    Checking defaults for OMS/cmsy/m/n on input line 33.
LaTeX Font Info:    ... okay on input line 33.
LaTeX Font Info:    Checking defaults for OT1/cmr/m/n on input line 33.
LaTeX Font Info:    ... okay on input line 33.
LaTeX Font Info:    Checking defaults for T1/cmr/m/n on input line 33.
LaTeX Font Info:    ... okay on input line 33.
LaTeX Font Info:    Checking defaults for TS1/cmr/m/n on input line 33.
LaTeX Font Info:    ... okay on input line 33.
LaTeX Font Info:    Checking defaults for OMX/cmex/m/n on input line 33.
LaTeX Font Info:    ... okay on input line 33.
LaTeX Font Info:    Checking defaults for U/cmr/m/n on input line 33.
LaTeX Font Info:    ... okay on input line 33.
 (C:\Users\mathe\AppData\Local\Programs\MiKTeX\tex/context/base/mkii\supp-pdf.mkii
[Loading MPS to PDF converter (version 2006.09.02).]
\scratchcounter=\count307
\scratchdimen=\dimen184
\scratchbox=\box58
\nofMPsegments=\count308
\nofMParguments=\count309
\everyMPshowfont=\toks27
\MPscratchCnt=\count310
\MPscratchDim=\dimen185
\MPnumerator=\count311
\makeMPintoPDFobject=\count312
\everyMPtoPDFconversion=\toks28
) (C:\Users\mathe\AppData\Local\Programs\MiKTeX\tex/latex/epstopdf-pkg\epstopdf-base.sty
Package: epstopdf-base 2020-01-24 v2.11 Base part for package epstopdf
Package epstopdf-base Info: Redefining graphics rule for `.eps' on input line 485.
 (C:\Users\mathe\AppData\Local\Programs\MiKTeX\tex/latex/00miktex\epstopdf-sys.cfg
File: epstopdf-sys.cfg 2021/03/18 v2.0 Configuration of epstopdf for MiKTeX
))
LaTeX Font Info:    Trying to load font information for U+msa on input line 35.
 (C:\Users\mathe\AppData\Local\Programs\MiKTeX\tex/latex/amsfonts\umsa.fd
File: umsa.fd 2013/01/14 v3.01 AMS symbols A
)
LaTeX Font Info:    Trying to load font information for U+msb on input line 35.
 (C:\Users\mathe\AppData\Local\Programs\MiKTeX\tex/latex/amsfonts\umsb.fd
File: umsb.fd 2013/01/14 v3.01 AMS symbols B
) (main.toc [1

{C:/Users/mathe/AppData/Local/MiKTeX/fonts/map/pdftex/pdftex.map}]
Overfull \hbox (9.97925pt too wide) in paragraph at lines 52--52
 [][] []\OT1/cmr/m/n/12 Cahn-Hilliard Sol-ver: Spa-tial Dis-cre-ti-za-tion and Tem-po-ral Subs- 
 []

[2]
Overfull \hbox (14.11806pt too wide) in paragraph at lines 74--74
 [][] []\OT1/cmr/m/n/12 Recombination into the Ma-cros-co-pic Navier--Stokes Equa- 
 []

)
\tf@toc=\write3
\openout3 = `main.toc'.

 [3]
\openout2 = `capitulos/introducao.aux'.

 (capitulos/introducao.tex
<figuras/introducao/fingering_example.png, id=16, 1445.4pt x 813.0375pt>
File: figuras/introducao/fingering_example.png Graphic file (type png)
<use figuras/introducao/fingering_example.png>
Package pdftex.def Info: figuras/introducao/fingering_example.png  used on input line 12.
(pdftex.def)             Requested size: 312.00119pt x 175.49438pt.
 [4

 <./figuras/introducao/fingering_example.png (PNG copy)>]) [5]
\openout2 = `capitulos/objetivos.aux'.

 (capitulos/objetivos.tex
Overfull \hbox (5.24876pt too wide) in paragraph at lines 10--11
[]\OT1/cmr/bx/n/12 Analytical For-mu-la-tion: \OT1/cmr/m/n/12 For-mu-late a Li-near Sta-bi-lity Analy-sis (LSA)
 []

) [6



]
\openout2 = `capitulos/estado_da_arte.aux'.

 (capitulos/estado_da_arte.tex) [7



]
\openout2 = `capitulos/teoria.aux'.

 (capitulos/teoria.tex
Overfull \hbox (4.53479pt too wide) in paragraph at lines 5--6
\OT1/cmr/m/n/12 per-ties of mag-ne-tic fluids (fer-ro-fluids) and the go-ver-ning equa-ti-ons of magneto-
 []


LaTeX Warning: Citation `whitaker1999method' on page 8 undefined on input line 11.


LaTeX Warning: Citation `batchelor1967introduction' on page 8 undefined on input line 13.

[8



]

LaTeX Warning: Citation `stokes1851effect' on page 9 undefined on input line 33.

[9]

LaTeX Warning: Citation `whitaker1999method' on page 10 undefined on input line 67.

[10] [11] [12]

LaTeX Warning: Citation `batchelor1967introduction' on page 13 undefined on input line 176.

[13]

LaTeX Warning: Citation `batchelor1967introduction' on page 14 undefined on input line 191.

[14] [15] [16]
Overfull \hbox (0.59053pt too wide) in paragraph at lines 286--288
\OT1/cmr/m/n/12 The ge-o-me-tric in-ter-face is then im-pli-ci-tly de-fi-ned as the le-vel set $\OMS/cmsy/m/n/12 f\OT1/cmr/bx/n/12 x \OT1/cmr/m/n/12 : \OML/cmm/m/it/12 ^^^\OT1/cmr/m/n/12 (\OT1/cmr/bx/n/12 x\OML/cmm/m/it/12 ; t\OT1/cmr/m/n/12 ) =
 []

[17] [18] [19] [20]

LaTeX Warning: Citation `dullien1992porous' on page 21 undefined on input line 376.

[21] [22] [23]) [24]
\openout2 = `capitulos/regime_linear_lsa.aux'.

 (capitulos/regime_linear_lsa.tex [25



] [26] [27] [28]
Overfull \hbox (11.05789pt too wide) in paragraph at lines 136--136
[]\OT1/cmr/bx/n/14.4 Dynamic Boun-dary Con-di-tion for the Non-Magnetic
 []

[29] [30] [31]
<figuras/lsa/Grafico-LSA-uma-linha-DaCaBoM-1.png, id=119, 578.16pt x 361.35pt>
File: figuras/lsa/Grafico-LSA-uma-linha-DaCaBoM-1.png Graphic file (type png)
<use figuras/lsa/Grafico-LSA-uma-linha-DaCaBoM-1.png>
Package pdftex.def Info: figuras/lsa/Grafico-LSA-uma-linha-DaCaBoM-1.png  used on input line 226.
(pdftex.def)             Requested size: 195.0pt x 121.8704pt.
 [32]
<figuras/lsa/Grafico-LSA-Impacto-de-cada-termo.png, id=124, 578.16pt x 433.62pt>
File: figuras/lsa/Grafico-LSA-Impacto-de-cada-termo.png Graphic file (type png)
<use figuras/lsa/Grafico-LSA-Impacto-de-cada-termo.png>
Package pdftex.def Info: figuras/lsa/Grafico-LSA-Impacto-de-cada-termo.png  used on input line 247.
(pdftex.def)             Requested size: 195.0pt x 146.24449pt.
 [33 <./figuras/lsa/Grafico-LSA-uma-linha-DaCaBoM-1.png>] [34 <./figuras/lsa/Grafico-LSA-Impacto-de-cada-termo.png>]
Overfull \hbox (14.66075pt too wide) detected at line 291
[]\OML/cmm/m/it/12 ^^P \OT1/cmr/m/n/12 = [] []
 []

[35]
Overfull \hbox (1.33621pt too wide) in paragraph at lines 305--306
[]\OT1/cmr/m/n/12 This con-so-li-da-ted for-mu-la-tion ex-pli-ci-tly maps the sta-bi-li-zing/destabilizing
 []

<figuras/lsa/Grafico-LSA-Impacto-de-H_n.png, id=136, 578.16pt x 361.35pt>
File: figuras/lsa/Grafico-LSA-Impacto-de-H_n.png Graphic file (type png)
<use figuras/lsa/Grafico-LSA-Impacto-de-H_n.png>
Package pdftex.def Info: figuras/lsa/Grafico-LSA-Impacto-de-H_n.png  used on input line 311.
(pdftex.def)             Requested size: 195.0pt x 121.8704pt.
<figuras/lsa/Grafico-LSA-Impacto-de-H_t.png, id=137, 578.16pt x 361.35pt>
File: figuras/lsa/Grafico-LSA-Impacto-de-H_t.png Graphic file (type png)
<use figuras/lsa/Grafico-LSA-Impacto-de-H_t.png>
Package pdftex.def Info: figuras/lsa/Grafico-LSA-Impacto-de-H_t.png  used on input line 318.
(pdftex.def)             Requested size: 195.0pt x 121.8704pt.
[36 <./figuras/lsa/Grafico-LSA-Impacto-de-H_n.png> <./figuras/lsa/Grafico-LSA-Impacto-de-H_t.png>]
<figuras/lsa/Grafico-LSA-Impacto-de-todos-termos-MAG.png, id=143, 578.16pt x 433.62pt>
File: figuras/lsa/Grafico-LSA-Impacto-de-todos-termos-MAG.png Graphic file (type png)
<use figuras/lsa/Grafico-LSA-Impacto-de-todos-termos-MAG.png>
Package pdftex.def Info: figuras/lsa/Grafico-LSA-Impacto-de-todos-termos-MAG.png  used on input line 333.
(pdftex.def)             Requested size: 195.0pt x 146.24449pt.
 [37 <./figuras/lsa/Grafico-LSA-Impacto-de-todos-termos-MAG.png>]) [38]
\openout2 = `capitulos/lbm_teoria.aux'.

 (capitulos/lbm_teoria.tex
Overfull \hbox (5.37924pt too wide) in paragraph at lines 6--7
\OT1/cmr/m/n/12 phase-field ther-mody-na-mics, mag-ne-tos-ta-tic body for-ces, and Darcy--Brinkman
 []

[39



] [40] [41] [42]
Overfull \hbox (24.40044pt too wide) in paragraph at lines 57--58
\OT1/cmr/m/n/12 chemical-potential re-ac-tion $4\OML/cmm/m/it/12 ^^L ^^^\OT1/cmr/m/n/12 (\OML/cmm/m/it/12 ^^^[] \OMS/cmsy/m/n/12 ^^@ \OT1/cmr/m/n/12 1)$, and the bihar-mo-nic re-la-xa-tion $\OMS/cmsy/m/n/12 ^^@\OML/cmm/m/it/12 M^^T \OMS/cmsy/m/n/12 r[]\OML/cmm/m/it/12 ^^^$\OT1/cmr/m/n/12 .
 []

[43]
Overfull \hbox (12.76378pt too wide) detected at line 96
[]
 []


Overfull \hbox (7.53732pt too wide) in paragraph at lines 102--103
 \OT1/cmr/bx/n/12 Sta-bi-lity con-di-tion.[] \OT1/cmr/m/n/12 The Lax-Richtmyer equi-va-lence the-o-rem re-qui-res that,
 []

[44]
Overfull \hbox (36.06293pt too wide) detected at line 118
[]\OML/cmm/m/it/12 G[]\OT1/cmr/m/n/12 (\OML/cmm/m/it/12 k[]; k[]\OT1/cmr/m/n/12 ) = 1 \OMS/cmsy/m/n/12 ^^@ \OT1/cmr/m/n/12 16 \OML/cmm/m/it/12 r [] :
 []

[45] [46] [47]
Overfull \hbox (24.96507pt too wide) in paragraph at lines 159--161
\OT1/cmr/m/n/12 La-pla-ci-ano e \OT1/cmr/m/it/12 di-fe-ren^^Xcas cen-tra-das de 3 pon-tos \OT1/cmr/m/n/12 para os gra-di-en-tes (\OT1/cmtt/m/n/12 lbm.py:28--29,
 []

[48]
Overfull \hbox (27.77745pt too wide) in paragraph at lines 166--167
[][]\OT1/cmr/m/n/12 [ADICIONAR --- a forma $\OML/cmm/m/it/12 ^^[ \OT1/cmr/m/n/12 = \OML/cmm/m/it/12 ^^W=K$ \OT1/cmr/m/n/12 ^^Se a vers~ao mono-f^^Sasica. Em \OT1/cmtt/m/n/12 lbm.py:67--70
 []


Overfull \hbox (17.87204pt too wide) detected at line 182
[][] \OML/cmm/m/it/12 w[] \OT1/cmr/m/n/12 = 1\OML/cmm/m/it/12 ;  [] w[] \OML/cmm/b/it/12 c[] \OT1/cmr/m/n/12 = \OT1/cmr/bx/n/12 0\OML/cmm/m/it/12 ;  [] w[] c[]c[] \OT1/cmr/m/n/12 = \OML/cmm/m/it/12 c[] ^^N[];  [] w[] c[]c[]c[] \OT1/cmr/m/n/12 = 0\OML/cmm/m/it/12 ;
 []

[49] [50]
Overfull \hbox (34.83763pt too wide) in paragraph at lines 236--238
\OT1/cmr/m/n/12 in lat-tice units ($^^A\OML/cmm/m/it/12 t \OT1/cmr/m/n/12 = 1$). This is exac-tly the ope-ra-tion per-for-med at \OT1/cmtt/m/n/12 lbm.py:84--85\OT1/cmr/m/n/12 .
 []


Overfull \hbox (28.76418pt too wide) detected at line 243
[][] \OML/cmm/m/it/12 f[] \OT1/cmr/m/n/12 = 0 []\OML/cmm/m/it/12 ;  [] f[] \OML/cmm/b/it/12 c[] \OT1/cmr/m/n/12 = \OMS/cmsy/m/n/12 ^^@[] \OML/cmm/b/it/12 F[]\OML/cmm/m/it/12 ;  [] f[] \OML/cmm/b/it/12 c[] \OT1/cmr/m/n/12 = 0 []\OML/cmm/m/it/12 ;
 []

[51] [52]
Overfull \hbox (49.56905pt too wide) detected at line 310
[]\OMS/cmsy/m/n/12 ^^@[] [] \OML/cmm/m/it/12 D[]f[] c[]c[] \OT1/cmr/m/n/12 = \OMS/cmsy/m/n/12 ^^@\OML/cmm/m/it/12 c[]\OT1/cmr/m/n/12 ^^A\OML/cmm/m/it/12 t  [] ^^Z[]@[]u[] \OT1/cmr/m/n/12 + \OML/cmm/m/it/12 @[]u[][] \OT1/cmr/m/n/12 + ^^A\OML/cmm/m/it/12 t  []  []u[]F[] \OT1/cmr/m/n/12 + \OML/cmm/m/it/12 u[]F[][]:
 []

[53]
Overfull \hbox (19.75931pt too wide) detected at line 319
[][] [] \OML/cmm/m/it/12 S[] c[]c[] \OT1/cmr/m/n/12 = ^^A\OML/cmm/m/it/12 t  []  []u[]F[] \OT1/cmr/m/n/12 + \OML/cmm/m/it/12 u[]F[][] \OT1/cmr/m/n/12 = ^^A\OML/cmm/m/it/12 t  []  []u[]F[] \OT1/cmr/m/n/12 + \OML/cmm/m/it/12 u[]F[][]:
 []


Overfull \hbox (4.03806pt too wide) in paragraph at lines 334--335
\OT1/cmr/m/n/12 Multiplying [] by $\OML/cmm/b/it/12 c[]$\OT1/cmr/m/n/12 , sum-ming, and using $[][] \OML/cmm/m/it/12 f[]\OML/cmm/b/it/12 c[] \OT1/cmr/m/n/12 = 0$ to-gether with []
 []

[54] [55] [56]
Overfull \hbox (53.84528pt too wide) in paragraph at lines 406--421
 [][] 
 []

[57]
Overfull \hbox (39.61148pt too wide) in paragraph at lines 436--437
[][]\OT1/cmr/m/n/12 [AUDITORIA --- a des-cri^^Xc~ao n~ao cor-res-ponde ao c^^Sodigo. Em \OT1/cmtt/m/n/12 lbm.py:122--128
 []

[58]
Overfull \hbox (40.555pt too wide) in paragraph at lines 453--454
\OT1/cmr/m/n/12 sequ^encia real por itera^^Xc~ao ^^Se: (A) Pois-son/SOR magn^^Setico para $[]$ (\OT1/cmtt/m/n/12 main.py:73--75\OT1/cmr/m/n/12 ),
 []


Overfull \hbox (0.39606pt too wide) in paragraph at lines 455--456
[][]\OT1/cmr/m/n/12 [ADICIONAR --- subse^^Xc~oes fal-tan-tes que des-cre-vem m^^Sodulos efe-ti-va-mente
 []

[59]
Overfull \hbox (3.36612pt too wide) in paragraph at lines 461--462
\OT1/cmtt/m/n/12 initialization/initialization.py \OT1/cmr/m/n/12 es-ta-be-lece tr^es cam-pos n~ao-triviais an-
 []

LaTeX Font Info:    Font shape `OT1/cmtt/bx/n' in size <12> not available
(Font)              Font shape `OT1/cmtt/m/n' tried instead on input line 463.

Overfull \hbox (39.81226pt too wide) in paragraph at lines 465--466
[][]\OT1/cmr/bx/n/12 (v) Di-ag-nos-tics and Post-processing. \OT1/cmr/m/n/12 Do-cu-men-tar o m^^Sodulo \OT1/cmtt/m/n/12 post[]process/\OT1/cmr/m/n/12 :
 []

[60]

LaTeX Warning: Reference `fig:poiseuille_validation' on page 61 undefined on input line 481.

<figuras/validacao_lbm/poiseuille_validacao.png, id=226, 433.62pt x 361.35pt>
File: figuras/validacao_lbm/poiseuille_validacao.png Graphic file (type png)
<use figuras/validacao_lbm/poiseuille_validacao.png>
Package pdftex.def Info: figuras/validacao_lbm/poiseuille_validacao.png  used on input line 486.
(pdftex.def)             Requested size: 195.0pt x 162.50124pt.
[61] [62 <./figuras/validacao_lbm/poiseuille_validacao.png>] [63]
Overfull \hbox (3.39037pt too wide) in paragraph at lines 521--522
\OT1/cmr/m/n/12 The nu-me-ri-cal fra-mework was eva-lu-a-ted against analy-ti-cal so-lu-ti-ons for Brink-
 []


LaTeX Warning: `!h' float specifier changed to `!ht'.

[64]) [65]
\openout2 = `capitulos/resultados.aux'.

 (capitulos/resultados.tex) [66



] (bibliografia/referencias.tex [67


]) [68] (main.aux (capitulos/introducao.aux) (capitulos/objetivos.aux) (capitulos/estado_da_arte.aux) (capitulos/teoria.aux) (capitulos/regime_linear_lsa.aux) (capitulos/lbm_teoria.aux) (capitulos/resultados.aux))
 ***********
LaTeX2e <2025-11-01>
L3 programming layer <2025-12-24>
 ***********


LaTeX Warning: There were undefined references.

 ) 
Here is how much of TeX's memory you used:
 5615 strings out of 467871
 96934 string characters out of 5418376
 516855 words of memory out of 5000000
 34355 multiletter control sequences out of 15000+600000
 646797 words of font info for 110 fonts, out of 8000000 for 9000
 1141 hyphenation exceptions out of 8191
 57i,12n,65p,2080b,308s stack positions out of 10000i,1000n,20000p,200000b,200000s
 <C:\Users\mathe\AppData\Local\MiKTeX\fonts/pk/ljfour/jknappen/ec/dpi600\tcrm1200.pk><C:/Users/mathe/AppData/Local/Programs/MiKTeX/fonts/type1/public/amsfonts/cm/cmbx10.pfb><C:/Users/mathe/AppData/Local/Programs/MiKTeX/fonts/type1/public/amsfonts/cm/cmbx12.pfb><C:/Users/mathe/AppData/Local/Programs/MiKTeX/fonts/type1/public/amsfonts/cm/cmex10.pfb><C:/Users/mathe/AppData/Local/Programs/MiKTeX/fonts/type1/public/amsfonts/cm/cmmi10.pfb><C:/Users/mathe/AppData/Local/Programs/MiKTeX/fonts/type1/public/amsfonts/cm/cmmi12.pfb><C:/Users/mathe/AppData/Local/Programs/MiKTeX/fonts/type1/public/amsfonts/cm/cmmi6.pfb><C:/Users/mathe/AppData/Local/Programs/MiKTeX/fonts/type1/public/amsfonts/cm/cmmi8.pfb><C:/Users/mathe/AppData/Local/Programs/MiKTeX/fonts/type1/public/amsfonts/cm/cmmib10.pfb><C:/Users/mathe/AppData/Local/Programs/MiKTeX/fonts/type1/public/amsfonts/cm/cmr10.pfb><C:/Users/mathe/AppData/Local/Programs/MiKTeX/fonts/type1/public/amsfonts/cm/cmr12.pfb><C:/Users/mathe/AppData/Local/Programs/MiKTeX/fonts/type1/public/amsfonts/cm/cmr17.pfb><C:/Users/mathe/AppData/Local/Programs/MiKTeX/fonts/type1/public/amsfonts/cm/cmr6.pfb><C:/Users/mathe/AppData/Local/Programs/MiKTeX/fonts/type1/public/amsfonts/cm/cmr8.pfb><C:/Users/mathe/AppData/Local/Programs/MiKTeX/fonts/type1/public/amsfonts/cm/cmsy10.pfb><C:/Users/mathe/AppData/Local/Programs/MiKTeX/fonts/type1/public/amsfonts/cm/cmsy6.pfb><C:/Users/mathe/AppData/Local/Programs/MiKTeX/fonts/type1/public/amsfonts/cm/cmsy8.pfb><C:/Users/mathe/AppData/Local/Programs/MiKTeX/fonts/type1/public/amsfonts/cm/cmti10.pfb><C:/Users/mathe/AppData/Local/Programs/MiKTeX/fonts/type1/public/amsfonts/cm/cmti12.pfb><C:/Users/mathe/AppData/Local/Programs/MiKTeX/fonts/type1/public/amsfonts/cm/cmtt10.pfb><C:/Users/mathe/AppData/Local/Programs/MiKTeX/fonts/type1/public/amsfonts/cm/cmtt12.pfb><C:/Users/mathe/AppData/Local/Programs/MiKTeX/fonts/type1/public/amsfonts/symbols/msam10.pfb><C:/Users/mathe/AppData/Local/Programs/MiKTeX/fonts/type1/public/amsfonts/symbols/msbm10.pfb>
Output written on main.pdf (68 pages, 1205553 bytes).
PDF statistics:
 350 PDF objects out of 1000 (max. 8388607)
 0 named destinations out of 1000 (max. 500000)
 36 words of extra memory for PDF output out of 10000 (max. 10000000)

